<?xml version="1.0" encoding="UTF-8"?>
<testng-results ignored="0" total="16" passed="15" failed="1" skipped="0">
  <reporter-output>
  </reporter-output>
  <suite started-at="2022-02-01T16:35:16 IST" name="Suite" finished-at="2022-02-01T16:36:14 IST" duration-ms="57493">
    <groups>
    </groups>
    <test started-at="2022-02-01T16:35:16 IST" name="Test" finished-at="2022-02-01T16:36:14 IST" duration-ms="57493">
      <class name="com.evo.testcases.Home_test">
        <test-method signature="TC001_Dashboard()[pri:0, instance:com.evo.testcases.Home_test@6b09fb41]" started-at="2022-02-01T16:35:49 IST" name="TC001_Dashboard" finished-at="2022-02-01T16:35:50 IST" duration-ms="601" status="PASS">
          <reporter-output>
          </reporter-output>
        </test-method> <!-- TC001_Dashboard -->
        <test-method is-config="true" signature="takeScreenShotOnFailure(org.testng.ITestResult)[pri:0, instance:com.evo.testcases.Home_test@6b09fb41]" started-at="2022-02-01T16:35:50 IST" name="takeScreenShotOnFailure" finished-at="2022-02-01T16:35:50 IST" duration-ms="0" status="PASS">
          <params>
            <param index="0">
              <value>
                <![CDATA[[TestResult name=TC001_Dashboard status=SUCCESS method=Home_test.TC001_Dashboard()[pri:0, instance:com.evo.testcases.Home_test@6b09fb41] output={null}]]]>
              </value>
            </param>
          </params>
          <reporter-output>
          </reporter-output>
        </test-method> <!-- takeScreenShotOnFailure -->
        <test-method signature="TC002_UserProfile()[pri:0, instance:com.evo.testcases.Home_test@6b09fb41]" started-at="2022-02-01T16:35:50 IST" name="TC002_UserProfile" finished-at="2022-02-01T16:35:50 IST" duration-ms="408" status="PASS">
          <reporter-output>
          </reporter-output>
        </test-method> <!-- TC002_UserProfile -->
        <test-method is-config="true" signature="takeScreenShotOnFailure(org.testng.ITestResult)[pri:0, instance:com.evo.testcases.Home_test@6b09fb41]" started-at="2022-02-01T16:35:50 IST" name="takeScreenShotOnFailure" finished-at="2022-02-01T16:35:50 IST" duration-ms="0" status="PASS">
          <params>
            <param index="0">
              <value>
                <![CDATA[[TestResult name=TC002_UserProfile status=SUCCESS method=Home_test.TC002_UserProfile()[pri:0, instance:com.evo.testcases.Home_test@6b09fb41] output={null}]]]>
              </value>
            </param>
          </params>
          <reporter-output>
          </reporter-output>
        </test-method> <!-- takeScreenShotOnFailure -->
        <test-method signature="TC003_Tasks()[pri:0, instance:com.evo.testcases.Home_test@6b09fb41]" started-at="2022-02-01T16:35:50 IST" name="TC003_Tasks" finished-at="2022-02-01T16:35:52 IST" duration-ms="2060" status="PASS">
          <reporter-output>
          </reporter-output>
        </test-method> <!-- TC003_Tasks -->
        <test-method is-config="true" signature="takeScreenShotOnFailure(org.testng.ITestResult)[pri:0, instance:com.evo.testcases.Home_test@6b09fb41]" started-at="2022-02-01T16:35:52 IST" name="takeScreenShotOnFailure" finished-at="2022-02-01T16:35:52 IST" duration-ms="0" status="PASS">
          <params>
            <param index="0">
              <value>
                <![CDATA[[TestResult name=TC003_Tasks status=SUCCESS method=Home_test.TC003_Tasks()[pri:0, instance:com.evo.testcases.Home_test@6b09fb41] output={null}]]]>
              </value>
            </param>
          </params>
          <reporter-output>
          </reporter-output>
        </test-method> <!-- takeScreenShotOnFailure -->
        <test-method signature="TC004_Projects()[pri:0, instance:com.evo.testcases.Home_test@6b09fb41]" started-at="2022-02-01T16:35:52 IST" name="TC004_Projects" finished-at="2022-02-01T16:35:53 IST" duration-ms="533" status="PASS">
          <reporter-output>
          </reporter-output>
        </test-method> <!-- TC004_Projects -->
        <test-method is-config="true" signature="takeScreenShotOnFailure(org.testng.ITestResult)[pri:0, instance:com.evo.testcases.Home_test@6b09fb41]" started-at="2022-02-01T16:35:53 IST" name="takeScreenShotOnFailure" finished-at="2022-02-01T16:35:53 IST" duration-ms="0" status="PASS">
          <params>
            <param index="0">
              <value>
                <![CDATA[[TestResult name=TC004_Projects status=SUCCESS method=Home_test.TC004_Projects()[pri:0, instance:com.evo.testcases.Home_test@6b09fb41] output={null}]]]>
              </value>
            </param>
          </params>
          <reporter-output>
          </reporter-output>
        </test-method> <!-- takeScreenShotOnFailure -->
        <test-method signature="TC005_Reports()[pri:0, instance:com.evo.testcases.Home_test@6b09fb41]" started-at="2022-02-01T16:35:53 IST" name="TC005_Reports" finished-at="2022-02-01T16:35:57 IST" duration-ms="3687" status="PASS">
          <reporter-output>
          </reporter-output>
        </test-method> <!-- TC005_Reports -->
        <test-method is-config="true" signature="takeScreenShotOnFailure(org.testng.ITestResult)[pri:0, instance:com.evo.testcases.Home_test@6b09fb41]" started-at="2022-02-01T16:35:57 IST" name="takeScreenShotOnFailure" finished-at="2022-02-01T16:35:57 IST" duration-ms="1" status="PASS">
          <params>
            <param index="0">
              <value>
                <![CDATA[[TestResult name=TC005_Reports status=SUCCESS method=Home_test.TC005_Reports()[pri:0, instance:com.evo.testcases.Home_test@6b09fb41] output={null}]]]>
              </value>
            </param>
          </params>
          <reporter-output>
          </reporter-output>
        </test-method> <!-- takeScreenShotOnFailure -->
        <test-method signature="TC006_Directory()[pri:0, instance:com.evo.testcases.Home_test@6b09fb41]" started-at="2022-02-01T16:35:57 IST" name="TC006_Directory" finished-at="2022-02-01T16:35:57 IST" duration-ms="157" status="PASS">
          <reporter-output>
          </reporter-output>
        </test-method> <!-- TC006_Directory -->
        <test-method is-config="true" signature="takeScreenShotOnFailure(org.testng.ITestResult)[pri:0, instance:com.evo.testcases.Home_test@6b09fb41]" started-at="2022-02-01T16:35:57 IST" name="takeScreenShotOnFailure" finished-at="2022-02-01T16:35:57 IST" duration-ms="1" status="PASS">
          <params>
            <param index="0">
              <value>
                <![CDATA[[TestResult name=TC006_Directory status=SUCCESS method=Home_test.TC006_Directory()[pri:0, instance:com.evo.testcases.Home_test@6b09fb41] output={null}]]]>
              </value>
            </param>
          </params>
          <reporter-output>
          </reporter-output>
        </test-method> <!-- takeScreenShotOnFailure -->
        <test-method signature="TC007_Communications()[pri:0, instance:com.evo.testcases.Home_test@6b09fb41]" started-at="2022-02-01T16:35:57 IST" name="TC007_Communications" finished-at="2022-02-01T16:36:02 IST" duration-ms="5246" status="FAIL">
          <exception class="org.openqa.selenium.ElementClickInterceptedException">
            <message>
              <![CDATA[element click intercepted: Element <a _ngcontent-cci-c9="" class="task-name" id="notActive_/manage-announcement" href="/enova.cossp.app/en/manage-announcement" style="color: rgb(255, 255, 255);">...</a> is not clickable at point (102, 688). Other element would receive the click: <div _ngcontent-cci-c26="" class="loader-overlay">...</div>
  (Session info: chrome=97.0.4692.99)
Build info: version: '3.141.59', revision: 'e82be7d358', time: '2018-11-14T08:17:03'
System info: host: 'IB-SEZ-LAP-984', ip: '192.168.185.134', os.name: 'Windows 10', os.arch: 'amd64', os.version: '10.0', java.version: '17.0.1'
Driver info: org.openqa.selenium.chrome.ChromeDriver
Capabilities {acceptInsecureCerts: false, browserName: chrome, browserVersion: 97.0.4692.99, chrome: {chromedriverVersion: 97.0.4692.71 (adefa7837d02a..., userDataDir: C:\Users\ZAID~1.NEZ\AppData...}, goog:chromeOptions: {debuggerAddress: localhost:61406}, javascriptEnabled: true, networkConnectionEnabled: false, pageLoadStrategy: normal, platform: WINDOWS, platformName: WINDOWS, proxy: Proxy(), setWindowRect: true, strictFileInteractability: false, timeouts: {implicit: 0, pageLoad: 300000, script: 30000}, unhandledPromptBehavior: dismiss and notify, webauthn:extension:credBlob: true, webauthn:extension:largeBlob: true, webauthn:virtualAuthenticators: true}
Session ID: 708704665a98dfa5d2143900ba85b42b]]>
            </message>
            <full-stacktrace>
              <![CDATA[org.openqa.selenium.ElementClickInterceptedException: element click intercepted: Element <a _ngcontent-cci-c9="" class="task-name" id="notActive_/manage-announcement" href="/enova.cossp.app/en/manage-announcement" style="color: rgb(255, 255, 255);">...</a> is not clickable at point (102, 688). Other element would receive the click: <div _ngcontent-cci-c26="" class="loader-overlay">...</div>
  (Session info: chrome=97.0.4692.99)
Build info: version: '3.141.59', revision: 'e82be7d358', time: '2018-11-14T08:17:03'
System info: host: 'IB-SEZ-LAP-984', ip: '192.168.185.134', os.name: 'Windows 10', os.arch: 'amd64', os.version: '10.0', java.version: '17.0.1'
Driver info: org.openqa.selenium.chrome.ChromeDriver
Capabilities {acceptInsecureCerts: false, browserName: chrome, browserVersion: 97.0.4692.99, chrome: {chromedriverVersion: 97.0.4692.71 (adefa7837d02a..., userDataDir: C:\Users\ZAID~1.NEZ\AppData...}, goog:chromeOptions: {debuggerAddress: localhost:61406}, javascriptEnabled: true, networkConnectionEnabled: false, pageLoadStrategy: normal, platform: WINDOWS, platformName: WINDOWS, proxy: Proxy(), setWindowRect: true, strictFileInteractability: false, timeouts: {implicit: 0, pageLoad: 300000, script: 30000}, unhandledPromptBehavior: dismiss and notify, webauthn:extension:credBlob: true, webauthn:extension:largeBlob: true, webauthn:virtualAuthenticators: true}
Session ID: 708704665a98dfa5d2143900ba85b42b
at java.base/jdk.internal.reflect.NativeConstructorAccessorImpl.newInstance0(Native Method)
at java.base/jdk.internal.reflect.NativeConstructorAccessorImpl.newInstance(NativeConstructorAccessorImpl.java:77)
at java.base/jdk.internal.reflect.DelegatingConstructorAccessorImpl.newInstance(DelegatingConstructorAccessorImpl.java:45)
at java.base/java.lang.reflect.Constructor.newInstanceWithCaller(Constructor.java:499)
at java.base/java.lang.reflect.Constructor.newInstance(Constructor.java:480)
at org.openqa.selenium.remote.http.W3CHttpResponseCodec.createException(W3CHttpResponseCodec.java:187)
at org.openqa.selenium.remote.http.W3CHttpResponseCodec.decode(W3CHttpResponseCodec.java:122)
at org.openqa.selenium.remote.http.W3CHttpResponseCodec.decode(W3CHttpResponseCodec.java:49)
at org.openqa.selenium.remote.HttpCommandExecutor.execute(HttpCommandExecutor.java:158)
at org.openqa.selenium.remote.service.DriverCommandExecutor.execute(DriverCommandExecutor.java:83)
at org.openqa.selenium.remote.RemoteWebDriver.execute(RemoteWebDriver.java:552)
at org.openqa.selenium.remote.RemoteWebElement.execute(RemoteWebElement.java:285)
at org.openqa.selenium.remote.RemoteWebElement.click(RemoteWebElement.java:84)
at com.evo.pages.Home_Page.Communications(Home_Page.java:99)
at com.evo.testcases.Home_test.TC007_Communications(Home_test.java:61)
at java.base/jdk.internal.reflect.NativeMethodAccessorImpl.invoke0(Native Method)
at java.base/jdk.internal.reflect.NativeMethodAccessorImpl.invoke(NativeMethodAccessorImpl.java:77)
at java.base/jdk.internal.reflect.DelegatingMethodAccessorImpl.invoke(DelegatingMethodAccessorImpl.java:43)
at java.base/java.lang.reflect.Method.invoke(Method.java:568)
at org.testng.internal.MethodInvocationHelper.invokeMethod(MethodInvocationHelper.java:133)
at org.testng.internal.TestInvoker.invokeMethod(TestInvoker.java:598)
at org.testng.internal.TestInvoker.invokeTestMethod(TestInvoker.java:173)
at org.testng.internal.MethodRunner.runInSequence(MethodRunner.java:46)
at org.testng.internal.TestInvoker$MethodInvocationAgent.invoke(TestInvoker.java:824)
at org.testng.internal.TestInvoker.invokeTestMethods(TestInvoker.java:146)
at org.testng.internal.TestMethodWorker.invokeTestMethods(TestMethodWorker.java:146)
at org.testng.internal.TestMethodWorker.run(TestMethodWorker.java:128)
at java.base/java.util.ArrayList.forEach(ArrayList.java:1511)
at org.testng.TestRunner.privateRun(TestRunner.java:794)
at org.testng.TestRunner.run(TestRunner.java:596)
at org.testng.SuiteRunner.runTest(SuiteRunner.java:377)
at org.testng.SuiteRunner.runSequentially(SuiteRunner.java:371)
at org.testng.SuiteRunner.privateRun(SuiteRunner.java:332)
at org.testng.SuiteRunner.run(SuiteRunner.java:276)
at org.testng.SuiteRunnerWorker.runSuite(SuiteRunnerWorker.java:53)
at org.testng.SuiteRunnerWorker.run(SuiteRunnerWorker.java:96)
at org.testng.TestNG.runSuitesSequentially(TestNG.java:1212)
at org.testng.TestNG.runSuitesLocally(TestNG.java:1134)
at org.testng.TestNG.runSuites(TestNG.java:1063)
at org.testng.TestNG.run(TestNG.java:1031)
at org.testng.remote.AbstractRemoteTestNG.run(AbstractRemoteTestNG.java:115)
at org.testng.remote.RemoteTestNG.initAndRun(RemoteTestNG.java:251)
at org.testng.remote.RemoteTestNG.main(RemoteTestNG.java:77)
]]>
            </full-stacktrace>
          </exception> <!-- org.openqa.selenium.ElementClickInterceptedException -->
          <reporter-output>
          </reporter-output>
        </test-method> <!-- TC007_Communications -->
        <test-method is-config="true" signature="takeScreenShotOnFailure(org.testng.ITestResult)[pri:0, instance:com.evo.testcases.Home_test@6b09fb41]" started-at="2022-02-01T16:36:02 IST" name="takeScreenShotOnFailure" finished-at="2022-02-01T16:36:02 IST" duration-ms="293" status="PASS">
          <params>
            <param index="0">
              <value>
                <![CDATA[[TestResult name=TC007_Communications status=FAILURE method=Home_test.TC007_Communications()[pri:0, instance:com.evo.testcases.Home_test@6b09fb41] output={null}]]]>
              </value>
            </param>
          </params>
          <reporter-output>
          </reporter-output>
        </test-method> <!-- takeScreenShotOnFailure -->
        <test-method signature="TC008_Documents()[pri:0, instance:com.evo.testcases.Home_test@6b09fb41]" started-at="2022-02-01T16:36:02 IST" name="TC008_Documents" finished-at="2022-02-01T16:36:05 IST" duration-ms="2859" status="PASS">
          <reporter-output>
          </reporter-output>
        </test-method> <!-- TC008_Documents -->
        <test-method is-config="true" signature="takeScreenShotOnFailure(org.testng.ITestResult)[pri:0, instance:com.evo.testcases.Home_test@6b09fb41]" started-at="2022-02-01T16:36:05 IST" name="takeScreenShotOnFailure" finished-at="2022-02-01T16:36:05 IST" duration-ms="1" status="PASS">
          <params>
            <param index="0">
              <value>
                <![CDATA[[TestResult name=TC008_Documents status=SUCCESS method=Home_test.TC008_Documents()[pri:0, instance:com.evo.testcases.Home_test@6b09fb41] output={null}]]]>
              </value>
            </param>
          </params>
          <reporter-output>
          </reporter-output>
        </test-method> <!-- takeScreenShotOnFailure -->
        <test-method signature="TC009_Help()[pri:0, instance:com.evo.testcases.Home_test@6b09fb41]" started-at="2022-02-01T16:36:05 IST" name="TC009_Help" finished-at="2022-02-01T16:36:07 IST" duration-ms="1758" status="PASS">
          <reporter-output>
          </reporter-output>
        </test-method> <!-- TC009_Help -->
        <test-method is-config="true" signature="takeScreenShotOnFailure(org.testng.ITestResult)[pri:0, instance:com.evo.testcases.Home_test@6b09fb41]" started-at="2022-02-01T16:36:07 IST" name="takeScreenShotOnFailure" finished-at="2022-02-01T16:36:07 IST" duration-ms="1" status="PASS">
          <params>
            <param index="0">
              <value>
                <![CDATA[[TestResult name=TC009_Help status=SUCCESS method=Home_test.TC009_Help()[pri:0, instance:com.evo.testcases.Home_test@6b09fb41] output={null}]]]>
              </value>
            </param>
          </params>
          <reporter-output>
          </reporter-output>
        </test-method> <!-- takeScreenShotOnFailure -->
        <test-method signature="TC010_DigitalBusinessCard()[pri:0, instance:com.evo.testcases.Home_test@6b09fb41]" started-at="2022-02-01T16:36:07 IST" name="TC010_DigitalBusinessCard" finished-at="2022-02-01T16:36:07 IST" duration-ms="435" status="PASS">
          <reporter-output>
          </reporter-output>
        </test-method> <!-- TC010_DigitalBusinessCard -->
        <test-method is-config="true" signature="takeScreenShotOnFailure(org.testng.ITestResult)[pri:0, instance:com.evo.testcases.Home_test@6b09fb41]" started-at="2022-02-01T16:36:07 IST" name="takeScreenShotOnFailure" finished-at="2022-02-01T16:36:07 IST" duration-ms="1" status="PASS">
          <params>
            <param index="0">
              <value>
                <![CDATA[[TestResult name=TC010_DigitalBusinessCard status=SUCCESS method=Home_test.TC010_DigitalBusinessCard()[pri:0, instance:com.evo.testcases.Home_test@6b09fb41] output={null}]]]>
              </value>
            </param>
          </params>
          <reporter-output>
          </reporter-output>
        </test-method> <!-- takeScreenShotOnFailure -->
        <test-method signature="TC011_Admin()[pri:0, instance:com.evo.testcases.Home_test@6b09fb41]" started-at="2022-02-01T16:36:07 IST" name="TC011_Admin" finished-at="2022-02-01T16:36:10 IST" duration-ms="2537" status="PASS">
          <reporter-output>
          </reporter-output>
        </test-method> <!-- TC011_Admin -->
        <test-method is-config="true" signature="takeScreenShotOnFailure(org.testng.ITestResult)[pri:0, instance:com.evo.testcases.Home_test@6b09fb41]" started-at="2022-02-01T16:36:10 IST" name="takeScreenShotOnFailure" finished-at="2022-02-01T16:36:10 IST" duration-ms="1" status="PASS">
          <params>
            <param index="0">
              <value>
                <![CDATA[[TestResult name=TC011_Admin status=SUCCESS method=Home_test.TC011_Admin()[pri:0, instance:com.evo.testcases.Home_test@6b09fb41] output={null}]]]>
              </value>
            </param>
          </params>
          <reporter-output>
          </reporter-output>
        </test-method> <!-- takeScreenShotOnFailure -->
        <test-method signature="TC012_ConrolVisibility()[pri:0, instance:com.evo.testcases.Home_test@6b09fb41]" started-at="2022-02-01T16:36:10 IST" name="TC012_ConrolVisibility" finished-at="2022-02-01T16:36:12 IST" duration-ms="1539" status="PASS">
          <reporter-output>
          </reporter-output>
        </test-method> <!-- TC012_ConrolVisibility -->
        <test-method is-config="true" signature="takeScreenShotOnFailure(org.testng.ITestResult)[pri:0, instance:com.evo.testcases.Home_test@6b09fb41]" started-at="2022-02-01T16:36:12 IST" name="takeScreenShotOnFailure" finished-at="2022-02-01T16:36:12 IST" duration-ms="0" status="PASS">
          <params>
            <param index="0">
              <value>
                <![CDATA[[TestResult name=TC012_ConrolVisibility status=SUCCESS method=Home_test.TC012_ConrolVisibility()[pri:0, instance:com.evo.testcases.Home_test@6b09fb41] output={null}]]]>
              </value>
            </param>
          </params>
          <reporter-output>
          </reporter-output>
        </test-method> <!-- takeScreenShotOnFailure -->
        <test-method signature="TC013_MobileApp()[pri:0, instance:com.evo.testcases.Home_test@6b09fb41]" started-at="2022-02-01T16:36:12 IST" name="TC013_MobileApp" finished-at="2022-02-01T16:36:12 IST" duration-ms="216" status="PASS">
          <reporter-output>
          </reporter-output>
        </test-method> <!-- TC013_MobileApp -->
        <test-method is-config="true" signature="takeScreenShotOnFailure(org.testng.ITestResult)[pri:0, instance:com.evo.testcases.Home_test@6b09fb41]" started-at="2022-02-01T16:36:12 IST" name="takeScreenShotOnFailure" finished-at="2022-02-01T16:36:12 IST" duration-ms="0" status="PASS">
          <params>
            <param index="0">
              <value>
                <![CDATA[[TestResult name=TC013_MobileApp status=SUCCESS method=Home_test.TC013_MobileApp()[pri:0, instance:com.evo.testcases.Home_test@6b09fb41] output={null}]]]>
              </value>
            </param>
          </params>
          <reporter-output>
          </reporter-output>
        </test-method> <!-- takeScreenShotOnFailure -->
        <test-method signature="TC014_B2C()[pri:0, instance:com.evo.testcases.Home_test@6b09fb41]" started-at="2022-02-01T16:36:12 IST" name="TC014_B2C" finished-at="2022-02-01T16:36:14 IST" duration-ms="2045" status="PASS">
          <reporter-output>
          </reporter-output>
        </test-method> <!-- TC014_B2C -->
        <test-method is-config="true" signature="takeScreenShotOnFailure(org.testng.ITestResult)[pri:0, instance:com.evo.testcases.Home_test@6b09fb41]" started-at="2022-02-01T16:36:14 IST" name="takeScreenShotOnFailure" finished-at="2022-02-01T16:36:14 IST" duration-ms="0" status="PASS">
          <params>
            <param index="0">
              <value>
                <![CDATA[[TestResult name=TC014_B2C status=SUCCESS method=Home_test.TC014_B2C()[pri:0, instance:com.evo.testcases.Home_test@6b09fb41] output={null}]]]>
              </value>
            </param>
          </params>
          <reporter-output>
          </reporter-output>
        </test-method> <!-- takeScreenShotOnFailure -->
        <test-method signature="TC015_ApplicationVersion()[pri:0, instance:com.evo.testcases.Home_test@6b09fb41]" started-at="2022-02-01T16:36:14 IST" name="TC015_ApplicationVersion" finished-at="2022-02-01T16:36:14 IST" duration-ms="115" status="PASS">
          <reporter-output>
          </reporter-output>
        </test-method> <!-- TC015_ApplicationVersion -->
        <test-method is-config="true" signature="takeScreenShotOnFailure(org.testng.ITestResult)[pri:0, instance:com.evo.testcases.Home_test@6b09fb41]" started-at="2022-02-01T16:36:14 IST" name="takeScreenShotOnFailure" finished-at="2022-02-01T16:36:14 IST" duration-ms="0" status="PASS">
          <params>
            <param index="0">
              <value>
                <![CDATA[[TestResult name=TC015_ApplicationVersion status=SUCCESS method=Home_test.TC015_ApplicationVersion()[pri:0, instance:com.evo.testcases.Home_test@6b09fb41] output={null}]]]>
              </value>
            </param>
          </params>
          <reporter-output>
          </reporter-output>
        </test-method> <!-- takeScreenShotOnFailure -->
      </class> <!-- com.evo.testcases.Home_test -->
      <class name="com.evo.testcases.Login_test">
        <test-method signature="TC001_Login()[pri:0, instance:com.evo.testcases.Login_test@4e5ed836]" started-at="2022-02-01T16:35:17 IST" name="TC001_Login" finished-at="2022-02-01T16:35:49 IST" duration-ms="32854" status="PASS">
          <reporter-output>
          </reporter-output>
        </test-method> <!-- TC001_Login -->
        <test-method is-config="true" signature="takeScreenShotOnFailure(org.testng.ITestResult)[pri:0, instance:com.evo.testcases.Login_test@4e5ed836]" started-at="2022-02-01T16:35:49 IST" name="takeScreenShotOnFailure" finished-at="2022-02-01T16:35:49 IST" duration-ms="2" status="PASS">
          <params>
            <param index="0">
              <value>
                <![CDATA[[TestResult name=TC001_Login status=SUCCESS method=Login_test.TC001_Login()[pri:0, instance:com.evo.testcases.Login_test@4e5ed836] output={null}]]]>
              </value>
            </param>
          </params>
          <reporter-output>
          </reporter-output>
        </test-method> <!-- takeScreenShotOnFailure -->
      </class> <!-- com.evo.testcases.Login_test -->
    </test> <!-- Test -->
  </suite> <!-- Suite -->
</testng-results>
