<?xml version="1.0" encoding="UTF-8"?>
<!-- Generated by org.testng.reporters.JUnitXMLReporter -->
<testsuite ignored="0" hostname="IB-SEZ-LAP-984" failures="1" tests="16" name="Test" time="57.493" errors="0" timestamp="2022-02-01T16:36:14 IST">
  <testcase classname="com.evo.testcases.Login_test" name="TC001_Login" time="32.854"/>
  <testcase classname="com.evo.testcases.Home_test" name="TC001_Dashboard" time="0.601"/>
  <testcase classname="com.evo.testcases.Home_test" name="TC002_UserProfile" time="0.408"/>
  <testcase classname="com.evo.testcases.Home_test" name="TC003_Tasks" time="2.06"/>
  <testcase classname="com.evo.testcases.Home_test" name="TC004_Projects" time="0.533"/>
  <testcase classname="com.evo.testcases.Home_test" name="TC005_Reports" time="3.687"/>
  <testcase classname="com.evo.testcases.Home_test" name="TC006_Directory" time="0.157"/>
  <testcase classname="com.evo.testcases.Home_test" name="TC007_Communications" time="5.246">
    <failure type="org.openqa.selenium.ElementClickInterceptedException" message="element click intercepted: Element &amp;lt;a _ngcontent-cci-c9=&amp;quot;&amp;quot; class=&amp;quot;task-name&amp;quot; id=&amp;quot;notActive_/manage-announcement&amp;quot; href=&amp;quot;/enova.cossp.app/en/manage-announcement&amp;quot; style=&amp;quot;color: rgb(255, 255, 255);&amp;quot;&amp;gt;...&amp;lt;/a&amp;gt; is not clickable at point (102, 688). Other element would receive the click: &amp;lt;div _ngcontent-cci-c26=&amp;quot;&amp;quot; class=&amp;quot;loader-overlay&amp;quot;&amp;gt;...&amp;lt;/div&amp;gt;
  (Session info: chrome=97.0.4692.99)
Build info: version: &amp;apos;3.141.59&amp;apos;, revision: &amp;apos;e82be7d358&amp;apos;, time: &amp;apos;2018-11-14T08:17:03&amp;apos;
System info: host: &amp;apos;IB-SEZ-LAP-984&amp;apos;, ip: &amp;apos;192.168.185.134&amp;apos;, os.name: &amp;apos;Windows 10&amp;apos;, os.arch: &amp;apos;amd64&amp;apos;, os.version: &amp;apos;10.0&amp;apos;, java.version: &amp;apos;17.0.1&amp;apos;
Driver info: org.openqa.selenium.chrome.ChromeDriver
Capabilities {acceptInsecureCerts: false, browserName: chrome, browserVersion: 97.0.4692.99, chrome: {chromedriverVersion: 97.0.4692.71 (adefa7837d02a..., userDataDir: C:\Users\ZAID~1.NEZ\AppData...}, goog:chromeOptions: {debuggerAddress: localhost:61406}, javascriptEnabled: true, networkConnectionEnabled: false, pageLoadStrategy: normal, platform: WINDOWS, platformName: WINDOWS, proxy: Proxy(), setWindowRect: true, strictFileInteractability: false, timeouts: {implicit: 0, pageLoad: 300000, script: 30000}, unhandledPromptBehavior: dismiss and notify, webauthn:extension:credBlob: true, webauthn:extension:largeBlob: true, webauthn:virtualAuthenticators: true}
Session ID: 708704665a98dfa5d2143900ba85b42b">
      <![CDATA[org.openqa.selenium.ElementClickInterceptedException: element click intercepted: Element <a _ngcontent-cci-c9="" class="task-name" id="notActive_/manage-announcement" href="/enova.cossp.app/en/manage-announcement" style="color: rgb(255, 255, 255);">...</a> is not clickable at point (102, 688). Other element would receive the click: <div _ngcontent-cci-c26="" class="loader-overlay">...</div>
  (Session info: chrome=97.0.4692.99)
Build info: version: '3.141.59', revision: 'e82be7d358', time: '2018-11-14T08:17:03'
System info: host: 'IB-SEZ-LAP-984', ip: '192.168.185.134', os.name: 'Windows 10', os.arch: 'amd64', os.version: '10.0', java.version: '17.0.1'
Driver info: org.openqa.selenium.chrome.ChromeDriver
Capabilities {acceptInsecureCerts: false, browserName: chrome, browserVersion: 97.0.4692.99, chrome: {chromedriverVersion: 97.0.4692.71 (adefa7837d02a..., userDataDir: C:\Users\ZAID~1.NEZ\AppData...}, goog:chromeOptions: {debuggerAddress: localhost:61406}, javascriptEnabled: true, networkConnectionEnabled: false, pageLoadStrategy: normal, platform: WINDOWS, platformName: WINDOWS, proxy: Proxy(), setWindowRect: true, strictFileInteractability: false, timeouts: {implicit: 0, pageLoad: 300000, script: 30000}, unhandledPromptBehavior: dismiss and notify, webauthn:extension:credBlob: true, webauthn:extension:largeBlob: true, webauthn:virtualAuthenticators: true}
Session ID: 708704665a98dfa5d2143900ba85b42b
at org.openqa.selenium.remote.http.W3CHttpResponseCodec.createException(W3CHttpResponseCodec.java:187)
at org.openqa.selenium.remote.http.W3CHttpResponseCodec.decode(W3CHttpResponseCodec.java:122)
at org.openqa.selenium.remote.http.W3CHttpResponseCodec.decode(W3CHttpResponseCodec.java:49)
at org.openqa.selenium.remote.HttpCommandExecutor.execute(HttpCommandExecutor.java:158)
at org.openqa.selenium.remote.service.DriverCommandExecutor.execute(DriverCommandExecutor.java:83)
at org.openqa.selenium.remote.RemoteWebDriver.execute(RemoteWebDriver.java:552)
at org.openqa.selenium.remote.RemoteWebElement.execute(RemoteWebElement.java:285)
at org.openqa.selenium.remote.RemoteWebElement.click(RemoteWebElement.java:84)
at com.evo.pages.Home_Page.Communications(Home_Page.java:99)
at com.evo.testcases.Home_test.TC007_Communications(Home_test.java:61)
at java.base/java.util.ArrayList.forEach(ArrayList.java:1511)
... Removed 32 stack frames]]>
    </failure>
  </testcase> <!-- TC007_Communications -->
  <testcase classname="com.evo.testcases.Home_test" name="TC008_Documents" time="2.859"/>
  <testcase classname="com.evo.testcases.Home_test" name="TC009_Help" time="1.758"/>
  <testcase classname="com.evo.testcases.Home_test" name="TC010_DigitalBusinessCard" time="0.435"/>
  <testcase classname="com.evo.testcases.Home_test" name="TC011_Admin" time="2.537"/>
  <testcase classname="com.evo.testcases.Home_test" name="TC012_ConrolVisibility" time="1.539"/>
  <testcase classname="com.evo.testcases.Home_test" name="TC013_MobileApp" time="0.216"/>
  <testcase classname="com.evo.testcases.Home_test" name="TC014_B2C" time="2.045"/>
  <testcase classname="com.evo.testcases.Home_test" name="TC015_ApplicationVersion" time="0.115"/>
</testsuite> <!-- Test -->
