<html>
<head>
<title>TestNG:  Test</title>
<link href="../testng.css" rel="stylesheet" type="text/css" />
<link href="../my-testng.css" rel="stylesheet" type="text/css" />

<style type="text/css">
.log { display: none;} 
.stack-trace { display: none;} 
</style>
<script type="text/javascript">
<!--
function flip(e) {
  current = e.style.display;
  if (current == 'block') {
    e.style.display = 'none';
    return 0;
  }
  else {
    e.style.display = 'block';
    return 1;
  }
}

function toggleBox(szDivId, elem, msg1, msg2)
{
  var res = -1;  if (document.getElementById) {
    res = flip(document.getElementById(szDivId));
  }
  else if (document.all) {
    // this is the way old msie versions work
    res = flip(document.all[szDivId]);
  }
  if(elem) {
    if(res == 0) elem.innerHTML = msg1; else elem.innerHTML = msg2;
  }

}

function toggleAllBoxes() {
  if (document.getElementsByTagName) {
    d = document.getElementsByTagName('div');
    for (i = 0; i < d.length; i++) {
      if (d[i].className == 'log') {
        flip(d[i]);
      }
    }
  }
}

// -->
</script>

</head>
<body>
<h2 align='center'>Test</h2><table border='1' align="center">
<tr>
<td>Tests passed/Failed/Skipped:</td><td>15/1/0</td>
</tr><tr>
<td>Started on:</td><td>Tue Feb 01 16:35:16 IST 2022</td>
</tr>
<tr><td>Total time:</td><td>57 seconds (57493 ms)</td>
</tr><tr>
<td>Included groups:</td><td></td>
</tr><tr>
<td>Excluded groups:</td><td></td>
</tr>
</table><p/>
<small><i>(Hover the method name to see the test class name)</i></small><p/>
<table width='100%' border='1' class='invocation-failed'>
<tr><td colspan='4' align='center'><b>FAILED TESTS</b></td></tr>
<tr><td><b>Test method</b></td>
<td width="30%"><b>Exception</b></td>
<td width="10%"><b>Time (seconds)</b></td>
<td><b>Instance</b></td>
</tr>
<tr>
<td title='com.evo.testcases.Home_test.TC007_Communications()'><b>TC007_Communications</b><br>Test class: com.evo.testcases.Home_test</td>
<td><div><pre>org.openqa.selenium.ElementClickInterceptedException: element click intercepted: Element &lt;a _ngcontent-cci-c9=&quot;&quot; class=&quot;task-name&quot; id=&quot;notActive_/manage-announcement&quot; href=&quot;/enova.cossp.app/en/manage-announcement&quot; style=&quot;color: rgb(255, 255, 255);&quot;&gt;...&lt;/a&gt; is not clickable at point (102, 688). Other element would receive the click: &lt;div _ngcontent-cci-c26=&quot;&quot; class=&quot;loader-overlay&quot;&gt;...&lt;/div&gt;
  (Session info: chrome=97.0.4692.99)
Build info: version: &apos;3.141.59&apos;, revision: &apos;e82be7d358&apos;, time: &apos;2018-11-14T08:17:03&apos;
System info: host: &apos;IB-SEZ-LAP-984&apos;, ip: &apos;192.168.185.134&apos;, os.name: &apos;Windows 10&apos;, os.arch: &apos;amd64&apos;, os.version: &apos;10.0&apos;, java.version: &apos;17.0.1&apos;
Driver info: org.openqa.selenium.chrome.ChromeDriver
Capabilities {acceptInsecureCerts: false, browserName: chrome, browserVersion: 97.0.4692.99, chrome: {chromedriverVersion: 97.0.4692.71 (adefa7837d02a..., userDataDir: C:\Users\ZAID~1.NEZ\AppData...}, goog:chromeOptions: {debuggerAddress: localhost:61406}, javascriptEnabled: true, networkConnectionEnabled: false, pageLoadStrategy: normal, platform: WINDOWS, platformName: WINDOWS, proxy: Proxy(), setWindowRect: true, strictFileInteractability: false, timeouts: {implicit: 0, pageLoad: 300000, script: 30000}, unhandledPromptBehavior: dismiss and notify, webauthn:extension:credBlob: true, webauthn:extension:largeBlob: true, webauthn:virtualAuthenticators: true}
Session ID: 708704665a98dfa5d2143900ba85b42b
	at org.openqa.selenium.remote.http.W3CHttpResponseCodec.createException(W3CHttpResponseCodec.java:187)
	at org.openqa.selenium.remote.http.W3CHttpResponseCodec.decode(W3CHttpResponseCodec.java:122)
	at org.openqa.selenium.remote.http.W3CHttpResponseCodec.decode(W3CHttpResponseCodec.java:49)
	at org.openqa.selenium.remote.HttpCommandExecutor.execute(HttpCommandExecutor.java:158)
	at org.openqa.selenium.remote.service.DriverCommandExecutor.execute(DriverCommandExecutor.java:83)
	at org.openqa.selenium.remote.RemoteWebDriver.execute(RemoteWebDriver.java:552)
	at org.openqa.selenium.remote.RemoteWebElement.execute(RemoteWebElement.java:285)
	at org.openqa.selenium.remote.RemoteWebElement.click(RemoteWebElement.java:84)
	at com.evo.pages.Home_Page.Communications(Home_Page.java:99)
	at com.evo.testcases.Home_test.TC007_Communications(Home_test.java:61)
	at java.base/java.util.ArrayList.forEach(ArrayList.java:1511)
... Removed 32 stack frames</pre></div><a href='#' onClick='toggleBox("stack-trace720661245", this, "Click to show all stack frames", "Click to hide stack frames")'>Click to show all stack frames</a>
<div class='stack-trace' id='stack-trace720661245'><pre>org.openqa.selenium.ElementClickInterceptedException: element click intercepted: Element &lt;a _ngcontent-cci-c9=&quot;&quot; class=&quot;task-name&quot; id=&quot;notActive_/manage-announcement&quot; href=&quot;/enova.cossp.app/en/manage-announcement&quot; style=&quot;color: rgb(255, 255, 255);&quot;&gt;...&lt;/a&gt; is not clickable at point (102, 688). Other element would receive the click: &lt;div _ngcontent-cci-c26=&quot;&quot; class=&quot;loader-overlay&quot;&gt;...&lt;/div&gt;
  (Session info: chrome=97.0.4692.99)
Build info: version: &apos;3.141.59&apos;, revision: &apos;e82be7d358&apos;, time: &apos;2018-11-14T08:17:03&apos;
System info: host: &apos;IB-SEZ-LAP-984&apos;, ip: &apos;192.168.185.134&apos;, os.name: &apos;Windows 10&apos;, os.arch: &apos;amd64&apos;, os.version: &apos;10.0&apos;, java.version: &apos;17.0.1&apos;
Driver info: org.openqa.selenium.chrome.ChromeDriver
Capabilities {acceptInsecureCerts: false, browserName: chrome, browserVersion: 97.0.4692.99, chrome: {chromedriverVersion: 97.0.4692.71 (adefa7837d02a..., userDataDir: C:\Users\ZAID~1.NEZ\AppData...}, goog:chromeOptions: {debuggerAddress: localhost:61406}, javascriptEnabled: true, networkConnectionEnabled: false, pageLoadStrategy: normal, platform: WINDOWS, platformName: WINDOWS, proxy: Proxy(), setWindowRect: true, strictFileInteractability: false, timeouts: {implicit: 0, pageLoad: 300000, script: 30000}, unhandledPromptBehavior: dismiss and notify, webauthn:extension:credBlob: true, webauthn:extension:largeBlob: true, webauthn:virtualAuthenticators: true}
Session ID: 708704665a98dfa5d2143900ba85b42b
	at java.base/jdk.internal.reflect.NativeConstructorAccessorImpl.newInstance0(Native Method)
	at java.base/jdk.internal.reflect.NativeConstructorAccessorImpl.newInstance(NativeConstructorAccessorImpl.java:77)
	at java.base/jdk.internal.reflect.DelegatingConstructorAccessorImpl.newInstance(DelegatingConstructorAccessorImpl.java:45)
	at java.base/java.lang.reflect.Constructor.newInstanceWithCaller(Constructor.java:499)
	at java.base/java.lang.reflect.Constructor.newInstance(Constructor.java:480)
	at org.openqa.selenium.remote.http.W3CHttpResponseCodec.createException(W3CHttpResponseCodec.java:187)
	at org.openqa.selenium.remote.http.W3CHttpResponseCodec.decode(W3CHttpResponseCodec.java:122)
	at org.openqa.selenium.remote.http.W3CHttpResponseCodec.decode(W3CHttpResponseCodec.java:49)
	at org.openqa.selenium.remote.HttpCommandExecutor.execute(HttpCommandExecutor.java:158)
	at org.openqa.selenium.remote.service.DriverCommandExecutor.execute(DriverCommandExecutor.java:83)
	at org.openqa.selenium.remote.RemoteWebDriver.execute(RemoteWebDriver.java:552)
	at org.openqa.selenium.remote.RemoteWebElement.execute(RemoteWebElement.java:285)
	at org.openqa.selenium.remote.RemoteWebElement.click(RemoteWebElement.java:84)
	at com.evo.pages.Home_Page.Communications(Home_Page.java:99)
	at com.evo.testcases.Home_test.TC007_Communications(Home_test.java:61)
	at java.base/jdk.internal.reflect.NativeMethodAccessorImpl.invoke0(Native Method)
	at java.base/jdk.internal.reflect.NativeMethodAccessorImpl.invoke(NativeMethodAccessorImpl.java:77)
	at java.base/jdk.internal.reflect.DelegatingMethodAccessorImpl.invoke(DelegatingMethodAccessorImpl.java:43)
	at java.base/java.lang.reflect.Method.invoke(Method.java:568)
	at org.testng.internal.MethodInvocationHelper.invokeMethod(MethodInvocationHelper.java:133)
	at org.testng.internal.TestInvoker.invokeMethod(TestInvoker.java:598)
	at org.testng.internal.TestInvoker.invokeTestMethod(TestInvoker.java:173)
	at org.testng.internal.MethodRunner.runInSequence(MethodRunner.java:46)
	at org.testng.internal.TestInvoker$MethodInvocationAgent.invoke(TestInvoker.java:824)
	at org.testng.internal.TestInvoker.invokeTestMethods(TestInvoker.java:146)
	at org.testng.internal.TestMethodWorker.invokeTestMethods(TestMethodWorker.java:146)
	at org.testng.internal.TestMethodWorker.run(TestMethodWorker.java:128)
	at java.base/java.util.ArrayList.forEach(ArrayList.java:1511)
	at org.testng.TestRunner.privateRun(TestRunner.java:794)
	at org.testng.TestRunner.run(TestRunner.java:596)
	at org.testng.SuiteRunner.runTest(SuiteRunner.java:377)
	at org.testng.SuiteRunner.runSequentially(SuiteRunner.java:371)
	at org.testng.SuiteRunner.privateRun(SuiteRunner.java:332)
	at org.testng.SuiteRunner.run(SuiteRunner.java:276)
	at org.testng.SuiteRunnerWorker.runSuite(SuiteRunnerWorker.java:53)
	at org.testng.SuiteRunnerWorker.run(SuiteRunnerWorker.java:96)
	at org.testng.TestNG.runSuitesSequentially(TestNG.java:1212)
	at org.testng.TestNG.runSuitesLocally(TestNG.java:1134)
	at org.testng.TestNG.runSuites(TestNG.java:1063)
	at org.testng.TestNG.run(TestNG.java:1031)
	at org.testng.remote.AbstractRemoteTestNG.run(AbstractRemoteTestNG.java:115)
	at org.testng.remote.RemoteTestNG.initAndRun(RemoteTestNG.java:251)
	at org.testng.remote.RemoteTestNG.main(RemoteTestNG.java:77)
</pre></div></td>
<td>5</td>
<td>com.evo.testcases.Home_test@6b09fb41</td></tr>
</table><p>
<table width='100%' border='1' class='invocation-passed'>
<tr><td colspan='4' align='center'><b>PASSED TESTS</b></td></tr>
<tr><td><b>Test method</b></td>
<td width="30%"><b>Exception</b></td>
<td width="10%"><b>Time (seconds)</b></td>
<td><b>Instance</b></td>
</tr>
<tr>
<td title='com.evo.testcases.Home_test.TC009_Help()'><b>TC009_Help</b><br>Test class: com.evo.testcases.Home_test</td>
<td></td>
<td>1</td>
<td>com.evo.testcases.Home_test@6b09fb41</td></tr>
<tr>
<td title='com.evo.testcases.Home_test.TC004_Projects()'><b>TC004_Projects</b><br>Test class: com.evo.testcases.Home_test</td>
<td></td>
<td>0</td>
<td>com.evo.testcases.Home_test@6b09fb41</td></tr>
<tr>
<td title='com.evo.testcases.Home_test.TC015_ApplicationVersion()'><b>TC015_ApplicationVersion</b><br>Test class: com.evo.testcases.Home_test</td>
<td></td>
<td>0</td>
<td>com.evo.testcases.Home_test@6b09fb41</td></tr>
<tr>
<td title='com.evo.testcases.Home_test.TC002_UserProfile()'><b>TC002_UserProfile</b><br>Test class: com.evo.testcases.Home_test</td>
<td></td>
<td>0</td>
<td>com.evo.testcases.Home_test@6b09fb41</td></tr>
<tr>
<td title='com.evo.testcases.Home_test.TC003_Tasks()'><b>TC003_Tasks</b><br>Test class: com.evo.testcases.Home_test</td>
<td></td>
<td>2</td>
<td>com.evo.testcases.Home_test@6b09fb41</td></tr>
<tr>
<td title='com.evo.testcases.Home_test.TC011_Admin()'><b>TC011_Admin</b><br>Test class: com.evo.testcases.Home_test</td>
<td></td>
<td>2</td>
<td>com.evo.testcases.Home_test@6b09fb41</td></tr>
<tr>
<td title='com.evo.testcases.Home_test.TC006_Directory()'><b>TC006_Directory</b><br>Test class: com.evo.testcases.Home_test</td>
<td></td>
<td>0</td>
<td>com.evo.testcases.Home_test@6b09fb41</td></tr>
<tr>
<td title='com.evo.testcases.Home_test.TC013_MobileApp()'><b>TC013_MobileApp</b><br>Test class: com.evo.testcases.Home_test</td>
<td></td>
<td>0</td>
<td>com.evo.testcases.Home_test@6b09fb41</td></tr>
<tr>
<td title='com.evo.testcases.Home_test.TC012_ConrolVisibility()'><b>TC012_ConrolVisibility</b><br>Test class: com.evo.testcases.Home_test</td>
<td></td>
<td>1</td>
<td>com.evo.testcases.Home_test@6b09fb41</td></tr>
<tr>
<td title='com.evo.testcases.Home_test.TC008_Documents()'><b>TC008_Documents</b><br>Test class: com.evo.testcases.Home_test</td>
<td></td>
<td>2</td>
<td>com.evo.testcases.Home_test@6b09fb41</td></tr>
<tr>
<td title='com.evo.testcases.Home_test.TC010_DigitalBusinessCard()'><b>TC010_DigitalBusinessCard</b><br>Test class: com.evo.testcases.Home_test</td>
<td></td>
<td>0</td>
<td>com.evo.testcases.Home_test@6b09fb41</td></tr>
<tr>
<td title='com.evo.testcases.Login_test.TC001_Login()'><b>TC001_Login</b><br>Test class: com.evo.testcases.Login_test</td>
<td></td>
<td>32</td>
<td>com.evo.testcases.Login_test@4e5ed836</td></tr>
<tr>
<td title='com.evo.testcases.Home_test.TC014_B2C()'><b>TC014_B2C</b><br>Test class: com.evo.testcases.Home_test</td>
<td></td>
<td>2</td>
<td>com.evo.testcases.Home_test@6b09fb41</td></tr>
<tr>
<td title='com.evo.testcases.Home_test.TC001_Dashboard()'><b>TC001_Dashboard</b><br>Test class: com.evo.testcases.Home_test</td>
<td></td>
<td>0</td>
<td>com.evo.testcases.Home_test@6b09fb41</td></tr>
<tr>
<td title='com.evo.testcases.Home_test.TC005_Reports()'><b>TC005_Reports</b><br>Test class: com.evo.testcases.Home_test</td>
<td></td>
<td>3</td>
<td>com.evo.testcases.Home_test@6b09fb41</td></tr>
</table><p>
</body>
</html>